<?xml version="1.0" encoding="UTF-8"?>
<testng-results ignored="0" total="1" passed="1" failed="0" skipped="0">
  <reporter-output>
  </reporter-output>
  <suite started-at="2025-01-05T13:01:57 IST" name="Default suite" finished-at="2025-01-05T13:02:10 IST" duration-ms="12452">
    <groups>
    </groups>
    <test started-at="2025-01-05T13:01:57 IST" name="Default test" finished-at="2025-01-05T13:02:10 IST" duration-ms="12452">
      <class name="com.orangehrm.base.Base_Class">
        <test-method is-config="true" signature="setup()[pri:0, instance:com.orangehrm.base.Base_Class@496bc455]" started-at="2025-01-05T13:01:57 IST" name="setup" finished-at="2025-01-05T13:01:57 IST" duration-ms="33" status="PASS">
          <reporter-output>
          </reporter-output>
        </test-method> <!-- setup -->
        <test-method signature="Crossbrowser_testing()[pri:0, instance:com.orangehrm.base.Base_Class@496bc455]" started-at="2025-01-05T13:01:58 IST" name="Crossbrowser_testing" finished-at="2025-01-05T13:02:10 IST" duration-ms="12386" status="PASS">
          <reporter-output>
          </reporter-output>
        </test-method> <!-- Crossbrowser_testing -->
        <test-method is-config="true" signature="closebroswer()[pri:0, instance:com.orangehrm.base.Base_Class@496bc455]" started-at="2025-01-05T13:02:10 IST" name="closebroswer" finished-at="2025-01-05T13:02:11 IST" duration-ms="1438" status="PASS">
          <reporter-output>
          </reporter-output>
        </test-method> <!-- closebroswer -->
      </class> <!-- com.orangehrm.base.Base_Class -->
    </test> <!-- Default test -->
  </suite> <!-- Default suite -->
</testng-results>
